<?xml version="1.0" encoding="UTF-8"?>
<testsuites name="jest tests" tests="6" failures="0" time="2.044">
  <testsuite name="PhotoEntryMain Component" errors="0" failures="0" skipped="0" timestamp="2019-08-29T03:11:06" time="1.347" tests="1">
    <testcase classname="PhotoEntryMain Component should render a main photo" name="PhotoEntryMain Component should render a main photo" time="0.002">
    </testcase>
  </testsuite>
  <testsuite name="Database" errors="0" failures="0" skipped="0" timestamp="2019-08-29T03:11:06" time="1.348" tests="3">
    <testcase classname="Database should generate 100 data points" name="Database should generate 100 data points" time="0.002">
    </testcase>
    <testcase classname="Database should have data with properties id, listingId, url, description" name="Database should have data with properties id, listingId, url, description" time="0.001">
    </testcase>
    <testcase classname="Dummy Component renders the Dummy element" name="Dummy Component renders the Dummy element" time="0.003">
    </testcase>
  </testsuite>
  <testsuite name="PhotoEntryGrid Component" errors="0" failures="0" skipped="0" timestamp="2019-08-29T03:11:06" time="1.343" tests="1">
    <testcase classname="PhotoEntryGrid Component should render a main photo" name="PhotoEntryGrid Component should render a main photo" time="0.003">
    </testcase>
  </testsuite>
  <testsuite name="Photo Component" errors="0" failures="0" skipped="0" timestamp="2019-08-29T03:11:06" time="1.349" tests="1">
    <testcase classname="Photo Component should render a main photo" name="Photo Component should render a main photo" time="0.002">
    </testcase>
  </testsuite>
</testsuites>