<?xml version="1.0" encoding="UTF-8"?>
<testsuites name="jest tests" tests="9" failures="1" time="4.188">
  <testsuite name="App Component" errors="0" failures="0" skipped="0" timestamp="2019-09-02T22:04:17" time="1.903" tests="2">
    <testcase classname="App Component should render a main App" name="App Component should render a main App" time="0.006">
    </testcase>
    <testcase classname="App Component should render 3 places" name="App Component should render 3 places" time="0.002">
    </testcase>
  </testsuite>
  <testsuite name="App Component" errors="0" failures="1" skipped="0" timestamp="2019-09-02T22:04:17" time="2.365" tests="1">
    <testcase classname="App Component encountered a declaration exception" name="App Component encountered a declaration exception" time="0.018">
      <failure>ReferenceError: App is not defined
    at Suite.&lt;anonymous&gt; (/Users/syoh/Desktop/Photos/Photo_Gallery/test/Modal.test.js:46:30)
    at addSpecsToSuite (/Users/syoh/Desktop/Photos/Photo_Gallery/node_modules/jest-jasmine2/build/jasmine/Env.js:496:51)
    at Env.describe (/Users/syoh/Desktop/Photos/Photo_Gallery/node_modules/jest-jasmine2/build/jasmine/Env.js:466:11)
    at describe (/Users/syoh/Desktop/Photos/Photo_Gallery/node_modules/jest-jasmine2/build/jasmine/jasmineLight.js:81:18)
    at Object.describe (/Users/syoh/Desktop/Photos/Photo_Gallery/test/Modal.test.js:45:1)
    at Runtime._execModule (/Users/syoh/Desktop/Photos/Photo_Gallery/node_modules/jest-runtime/build/index.js:867:68)
    at Runtime._loadModule (/Users/syoh/Desktop/Photos/Photo_Gallery/node_modules/jest-runtime/build/index.js:577:12)
    at Runtime.requireModule (/Users/syoh/Desktop/Photos/Photo_Gallery/node_modules/jest-runtime/build/index.js:433:10)
    at /Users/syoh/Desktop/Photos/Photo_Gallery/node_modules/jest-jasmine2/build/index.js:202:13
    at Generator.next (&lt;anonymous&gt;)
    at asyncGeneratorStep (/Users/syoh/Desktop/Photos/Photo_Gallery/node_modules/jest-jasmine2/build/index.js:27:24)
    at _next (/Users/syoh/Desktop/Photos/Photo_Gallery/node_modules/jest-jasmine2/build/index.js:47:9)
    at /Users/syoh/Desktop/Photos/Photo_Gallery/node_modules/jest-jasmine2/build/index.js:52:7
    at new Promise (&lt;anonymous&gt;)
    at /Users/syoh/Desktop/Photos/Photo_Gallery/node_modules/jest-jasmine2/build/index.js:44:12
    at _jasmine (/Users/syoh/Desktop/Photos/Photo_Gallery/node_modules/jest-jasmine2/build/index.js:207:19)
    at jasmine2 (/Users/syoh/Desktop/Photos/Photo_Gallery/node_modules/jest-jasmine2/build/index.js:60:19)
    at /Users/syoh/Desktop/Photos/Photo_Gallery/node_modules/jest-runner/build/runTest.js:385:24
    at Generator.next (&lt;anonymous&gt;)
    at asyncGeneratorStep (/Users/syoh/Desktop/Photos/Photo_Gallery/node_modules/jest-runner/build/runTest.js:161:24)
    at _next (/Users/syoh/Desktop/Photos/Photo_Gallery/node_modules/jest-runner/build/runTest.js:181:9)
    at process._tickCallback (internal/process/next_tick.js:68:7)</failure>
    </testcase>
  </testsuite>
  <testsuite name="Database" errors="0" failures="0" skipped="0" timestamp="2019-09-02T22:04:17" time="2.885" tests="2">
    <testcase classname="Database should generate 100 data points" name="Database should generate 100 data points" time="0.006">
    </testcase>
    <testcase classname="Database should have data with properties id, listingId, url, description" name="Database should have data with properties id, listingId, url, description" time="0.002">
    </testcase>
  </testsuite>
  <testsuite name="PhotoEntryGrid Component" errors="0" failures="0" skipped="0" timestamp="2019-09-02T22:04:17" time="2.952" tests="1">
    <testcase classname="PhotoEntryGrid Component should render a main photo" name="PhotoEntryGrid Component should render a main photo" time="0.004">
    </testcase>
  </testsuite>
  <testsuite name="Photo Component" errors="0" failures="0" skipped="0" timestamp="2019-09-02T22:04:17" time="2.965" tests="2">
    <testcase classname="Photo Component should render a main photo" name="Photo Component should render a main photo" time="0.004">
    </testcase>
    <testcase classname="Photo Component should render 3 places" name="Photo Component should render 3 places" time="0.002">
    </testcase>
  </testsuite>
  <testsuite name="PhotoEntryMain Component" errors="0" failures="0" skipped="0" timestamp="2019-09-02T22:04:17" time="2.94" tests="1">
    <testcase classname="PhotoEntryMain Component should render a main photo" name="PhotoEntryMain Component should render a main photo" time="0.005">
    </testcase>
  </testsuite>
</testsuites>